android/app/build/intermediates/manifest_merge_blame_file/debug/manifest-merger-blame-debug-report.txt
1<?xml version="1.0" encoding="utf-8"?>
2<manifest xmlns:android="http://schemas.android.com/apk/res/android"
3    package="com.example.qfix_nitmo_new"
4    android:versionCode="1"
5    android:versionName="1.0.0" >
6
7    <uses-sdk
8        android:minSdkVersion="21"
9        android:targetSdkVersion="34" />
10    <!--
11         The INTERNET permission is required for development. Specifically,
12         the Flutter tool needs it to communicate with the running application
13         to allow setting breakpoints, to provide hot reload, etc.
14    -->
15    <uses-permission android:name="android.permission.INTERNET" />
15-->src/main/AndroidManifest.xml:66:5-66
15-->src/main/AndroidManifest.xml:66:22-64
16
17    <queries>
17-->src/main/AndroidManifest.xml:43:5-65:15
18
19        <!-- If your app opens https URLs -->
20        <intent>
20-->src/main/AndroidManifest.xml:45:9-48:18
21            <action android:name="android.intent.action.VIEW" />
21-->src/main/AndroidManifest.xml:46:13-65
21-->src/main/AndroidManifest.xml:46:21-62
22
23            <data android:scheme="https" />
23-->src/main/AndroidManifest.xml:47:13-44
23-->src/main/AndroidManifest.xml:47:19-41
24        </intent>
25        <!-- If your app makes calls -->
26        <intent>
26-->src/main/AndroidManifest.xml:50:9-53:18
27            <action android:name="android.intent.action.DIAL" />
27-->src/main/AndroidManifest.xml:51:13-65
27-->src/main/AndroidManifest.xml:51:21-62
28
29            <data android:scheme="tel" />
29-->src/main/AndroidManifest.xml:47:13-44
29-->src/main/AndroidManifest.xml:47:19-41
30        </intent>
31        <!-- If your sends SMS messages -->
32        <intent>
32-->src/main/AndroidManifest.xml:55:9-58:18
33            <action android:name="android.intent.action.SENDTO" />
33-->src/main/AndroidManifest.xml:56:13-67
33-->src/main/AndroidManifest.xml:56:21-64
34
35            <data android:scheme="smsto" />
35-->src/main/AndroidManifest.xml:47:13-44
35-->src/main/AndroidManifest.xml:47:19-41
36        </intent>
37        <!-- If your app sends emails -->
38        <intent>
38-->src/main/AndroidManifest.xml:60:9-63:18
39            <action android:name="android.intent.action.SEND" />
39-->src/main/AndroidManifest.xml:61:13-65
39-->src/main/AndroidManifest.xml:61:21-62
40
41            <data android:mimeType="*/*" />
41-->src/main/AndroidManifest.xml:47:13-44
42        </intent>
43
44        <!-- Needs to be explicitly declared on Android R+ -->
45        <package android:name="com.google.android.apps.maps" />
45-->[com.google.android.gms:play-services-maps:18.2.0] AndroidManifest.xml:33:9-64
45-->[com.google.android.gms:play-services-maps:18.2.0] AndroidManifest.xml:33:18-61
46    </queries>
47
48    <uses-permission android:name="android.permission.READ_EXTERNAL_STORAGE" />
48-->src/main/AndroidManifest.xml:67:5-79
48-->src/main/AndroidManifest.xml:67:22-77
49    <uses-permission android:name="android.permission.WRITE_EXTERNAL_STORAGE" />
49-->src/main/AndroidManifest.xml:68:5-80
49-->src/main/AndroidManifest.xml:68:22-78
50    <uses-permission android:name="android.permission.CAMERA" />
50-->src/main/AndroidManifest.xml:69:5-65
50-->src/main/AndroidManifest.xml:69:22-62
51    <uses-permission android:name="android.permission.POST_NOTIFICATIONS" />
51-->src/main/AndroidManifest.xml:70:5-76
51-->src/main/AndroidManifest.xml:70:22-74
52    <uses-permission android:name="android.permission.ACCESS_FINE_LOCATION" />
52-->src/main/AndroidManifest.xml:71:5-78
52-->src/main/AndroidManifest.xml:71:22-76
53    <uses-permission android:name="android.permission.ACCESS_COARSE_LOCATION" />
53-->src/main/AndroidManifest.xml:72:5-81
53-->src/main/AndroidManifest.xml:72:22-78
54    <uses-permission android:name="android.permission.ACCESS_BACKGROUND_LOCATION" />
54-->src/main/AndroidManifest.xml:73:5-85
54-->src/main/AndroidManifest.xml:73:22-82
55    <uses-permission android:name="android.permission.ACCESS_NETWORK_STATE" />
55-->[:connectivity_plus] AndroidManifest.xml:7:5-79
55-->[:connectivity_plus] AndroidManifest.xml:7:22-76
56    <uses-permission android:name="android.permission.WAKE_LOCK" />
56-->[:firebase_messaging] AndroidManifest.xml:8:5-68
56-->[:firebase_messaging] AndroidManifest.xml:8:22-65
57
58    <uses-feature
58-->[com.google.android.gms:play-services-maps:18.2.0] AndroidManifest.xml:26:5-28:35
59        android:glEsVersion="0x00020000"
59-->[com.google.android.gms:play-services-maps:18.2.0] AndroidManifest.xml:27:9-41
60        android:required="true" /> <!-- Required by older versions of Google Play services to create IID tokens -->
60-->[com.google.android.gms:play-services-maps:18.2.0] AndroidManifest.xml:28:9-32
61    <uses-permission android:name="com.google.android.c2dm.permission.RECEIVE" />
61-->[com.google.firebase:firebase-messaging:24.1.0] AndroidManifest.xml:26:5-82
61-->[com.google.firebase:firebase-messaging:24.1.0] AndroidManifest.xml:26:22-79
62
63    <permission
63-->[androidx.core:core:1.13.1] AndroidManifest.xml:22:5-24:47
64        android:name="com.example.qfix_nitmo_new.DYNAMIC_RECEIVER_NOT_EXPORTED_PERMISSION"
64-->[androidx.core:core:1.13.1] AndroidManifest.xml:23:9-81
65        android:protectionLevel="signature" />
65-->[androidx.core:core:1.13.1] AndroidManifest.xml:24:9-44
66
67    <uses-permission android:name="com.example.qfix_nitmo_new.DYNAMIC_RECEIVER_NOT_EXPORTED_PERMISSION" /> <!-- Don't require camera, as this requires a rear camera. This allows it to work on the Nexus 7 -->
67-->[androidx.core:core:1.13.1] AndroidManifest.xml:26:5-97
67-->[androidx.core:core:1.13.1] AndroidManifest.xml:26:22-94
68    <uses-feature
68-->[com.journeyapps:zxing-android-embedded:4.3.0] AndroidManifest.xml:25:5-27:36
69        android:name="android.hardware.camera"
69-->[com.journeyapps:zxing-android-embedded:4.3.0] AndroidManifest.xml:26:9-47
70        android:required="false" />
70-->[com.journeyapps:zxing-android-embedded:4.3.0] AndroidManifest.xml:27:9-33
71    <uses-feature
71-->[com.journeyapps:zxing-android-embedded:4.3.0] AndroidManifest.xml:28:5-30:36
72        android:name="android.hardware.camera.front"
72-->[com.journeyapps:zxing-android-embedded:4.3.0] AndroidManifest.xml:29:9-53
73        android:required="false" /> <!-- TODO replace above two with next line after Android 4.2 -->
73-->[com.journeyapps:zxing-android-embedded:4.3.0] AndroidManifest.xml:30:9-33
74    <!-- <uses-feature android:name="android.hardware.camera.any"/> -->
75    <uses-feature
75-->[com.journeyapps:zxing-android-embedded:4.3.0] AndroidManifest.xml:33:5-35:36
76        android:name="android.hardware.camera.autofocus"
76-->[com.journeyapps:zxing-android-embedded:4.3.0] AndroidManifest.xml:34:9-57
77        android:required="false" />
77-->[com.journeyapps:zxing-android-embedded:4.3.0] AndroidManifest.xml:35:9-33
78    <uses-feature
78-->[com.journeyapps:zxing-android-embedded:4.3.0] AndroidManifest.xml:36:5-38:36
79        android:name="android.hardware.camera.flash"
79-->[com.journeyapps:zxing-android-embedded:4.3.0] AndroidManifest.xml:37:9-53
80        android:required="false" />
80-->[com.journeyapps:zxing-android-embedded:4.3.0] AndroidManifest.xml:38:9-33
81    <uses-feature
81-->[com.journeyapps:zxing-android-embedded:4.3.0] AndroidManifest.xml:39:5-41:36
82        android:name="android.hardware.screen.landscape"
82-->[com.journeyapps:zxing-android-embedded:4.3.0] AndroidManifest.xml:40:9-57
83        android:required="false" />
83-->[com.journeyapps:zxing-android-embedded:4.3.0] AndroidManifest.xml:41:9-33
84    <uses-feature
84-->[com.journeyapps:zxing-android-embedded:4.3.0] AndroidManifest.xml:42:5-44:36
85        android:name="android.hardware.wifi"
85-->[com.journeyapps:zxing-android-embedded:4.3.0] AndroidManifest.xml:43:9-45
86        android:required="false" />
86-->[com.journeyapps:zxing-android-embedded:4.3.0] AndroidManifest.xml:44:9-33
87
88    <application
89        android:name="android.app.Application"
90        android:appComponentFactory="androidx.core.app.CoreComponentFactory"
90-->[androidx.core:core:1.13.1] AndroidManifest.xml:28:18-86
91        android:debuggable="true"
92        android:extractNativeLibs="true"
93        android:icon="@mipmap/ic_launcher"
94        android:label="QFix" >
95        <activity
96            android:name="com.example.qfix_nitmo_new.MainActivity"
97            android:configChanges="orientation|keyboardHidden|keyboard|screenSize|smallestScreenSize|locale|layoutDirection|fontScale|screenLayout|density|uiMode"
98            android:exported="true"
99            android:hardwareAccelerated="true"
100            android:launchMode="singleTop"
101            android:theme="@style/LaunchTheme"
102            android:usesCleartextTraffic="true"
103            android:windowSoftInputMode="adjustResize" >
104
105            <!--
106                 Specifies an Android theme to apply to this Activity as soon as
107                 the Android process has started. This theme is visible to the user
108                 while the Flutter UI initializes. After that, this theme continues
109                 to determine the Window background behind the Flutter UI.
110            -->
111            <meta-data
112                android:name="io.flutter.embedding.android.NormalTheme"
113                android:resource="@style/NormalTheme" />
114
115            <intent-filter>
116                <action android:name="android.intent.action.MAIN" />
117
118                <category android:name="android.intent.category.LAUNCHER" />
119            </intent-filter>
120            <!-- notification -->
121            <intent-filter>
122                <action android:name="FLUTTER_NOTIFICATION_CLICK" />
123
124                <category android:name="android.intent.category.DEFAULT" />
125            </intent-filter>
126        </activity>
127        <!--
128             Don't delete the meta-data below.
129             This is used by the Flutter tool to generate GeneratedPluginRegistrant.java
130        -->
131        <meta-data
132            android:name="flutterEmbedding"
133            android:value="2" />
134        <meta-data
135            android:name="com.google.android.geo.API_KEY"
136            android:value="AIzaSyBBuRIJ5Ac9sUBNE_IRXIltEqmoY5uuLgM" />
137
138        <uses-library
139            android:name="org.apache.http.legacy"
140            android:required="false" />
141
142        <service
142-->[:cloud_firestore] AndroidManifest.xml:8:9-12:19
143            android:name="com.google.firebase.components.ComponentDiscoveryService"
143-->[:cloud_firestore] AndroidManifest.xml:8:18-89
144            android:directBootAware="true"
144-->[com.google.firebase:firebase-common:21.0.0] AndroidManifest.xml:32:13-43
145            android:exported="false" >
145-->[com.google.firebase:firebase-firestore:25.1.1] AndroidManifest.xml:16:13-37
146            <meta-data
146-->[:cloud_firestore] AndroidManifest.xml:9:13-11:85
147                android:name="com.google.firebase.components:io.flutter.plugins.firebase.firestore.FlutterFirebaseFirestoreRegistrar"
147-->[:cloud_firestore] AndroidManifest.xml:10:17-134
148                android:value="com.google.firebase.components.ComponentRegistrar" />
148-->[:cloud_firestore] AndroidManifest.xml:11:17-82
149            <meta-data
149-->[:firebase_database] AndroidManifest.xml:9:13-11:85
150                android:name="com.google.firebase.components:io.flutter.plugins.firebase.database.FlutterFirebaseAppRegistrar"
150-->[:firebase_database] AndroidManifest.xml:10:17-127
151                android:value="com.google.firebase.components.ComponentRegistrar" />
151-->[:firebase_database] AndroidManifest.xml:11:17-82
152            <meta-data
152-->[:firebase_messaging] AndroidManifest.xml:36:13-38:85
153                android:name="com.google.firebase.components:io.flutter.plugins.firebase.messaging.FlutterFirebaseAppRegistrar"
153-->[:firebase_messaging] AndroidManifest.xml:37:17-128
154                android:value="com.google.firebase.components.ComponentRegistrar" />
154-->[:firebase_messaging] AndroidManifest.xml:38:17-82
155            <meta-data
155-->[:firebase_core] AndroidManifest.xml:9:13-11:85
156                android:name="com.google.firebase.components:io.flutter.plugins.firebase.core.FlutterFirebaseCoreRegistrar"
156-->[:firebase_core] AndroidManifest.xml:10:17-124
157                android:value="com.google.firebase.components.ComponentRegistrar" />
157-->[:firebase_core] AndroidManifest.xml:11:17-82
158            <meta-data
158-->[com.google.firebase:firebase-firestore:25.1.1] AndroidManifest.xml:17:13-19:85
159                android:name="com.google.firebase.components:com.google.firebase.firestore.FirebaseFirestoreKtxRegistrar"
159-->[com.google.firebase:firebase-firestore:25.1.1] AndroidManifest.xml:18:17-122
160                android:value="com.google.firebase.components.ComponentRegistrar" />
160-->[com.google.firebase:firebase-firestore:25.1.1] AndroidManifest.xml:19:17-82
161            <meta-data
161-->[com.google.firebase:firebase-firestore:25.1.1] AndroidManifest.xml:20:13-22:85
162                android:name="com.google.firebase.components:com.google.firebase.firestore.FirestoreRegistrar"
162-->[com.google.firebase:firebase-firestore:25.1.1] AndroidManifest.xml:21:17-111
163                android:value="com.google.firebase.components.ComponentRegistrar" />
163-->[com.google.firebase:firebase-firestore:25.1.1] AndroidManifest.xml:22:17-82
164            <meta-data
164-->[com.google.firebase:firebase-messaging:24.1.0] AndroidManifest.xml:57:13-59:85
165                android:name="com.google.firebase.components:com.google.firebase.messaging.FirebaseMessagingKtxRegistrar"
165-->[com.google.firebase:firebase-messaging:24.1.0] AndroidManifest.xml:58:17-122
166                android:value="com.google.firebase.components.ComponentRegistrar" />
166-->[com.google.firebase:firebase-messaging:24.1.0] AndroidManifest.xml:59:17-82
167            <meta-data
167-->[com.google.firebase:firebase-messaging:24.1.0] AndroidManifest.xml:60:13-62:85
168                android:name="com.google.firebase.components:com.google.firebase.messaging.FirebaseMessagingRegistrar"
168-->[com.google.firebase:firebase-messaging:24.1.0] AndroidManifest.xml:61:17-119
169                android:value="com.google.firebase.components.ComponentRegistrar" />
169-->[com.google.firebase:firebase-messaging:24.1.0] AndroidManifest.xml:62:17-82
170            <meta-data
170-->[com.google.firebase:firebase-database:21.0.0] AndroidManifest.xml:29:13-31:85
171                android:name="com.google.firebase.components:com.google.firebase.database.FirebaseDatabaseKtxRegistrar"
171-->[com.google.firebase:firebase-database:21.0.0] AndroidManifest.xml:30:17-120
172                android:value="com.google.firebase.components.ComponentRegistrar" />
172-->[com.google.firebase:firebase-database:21.0.0] AndroidManifest.xml:31:17-82
173            <meta-data
173-->[com.google.firebase:firebase-database:21.0.0] AndroidManifest.xml:32:13-34:85
174                android:name="com.google.firebase.components:com.google.firebase.database.DatabaseRegistrar"
174-->[com.google.firebase:firebase-database:21.0.0] AndroidManifest.xml:33:17-109
175                android:value="com.google.firebase.components.ComponentRegistrar" />
175-->[com.google.firebase:firebase-database:21.0.0] AndroidManifest.xml:34:17-82
176            <meta-data
176-->[com.google.firebase:firebase-installations:18.0.0] AndroidManifest.xml:15:13-17:85
177                android:name="com.google.firebase.components:com.google.firebase.installations.FirebaseInstallationsKtxRegistrar"
177-->[com.google.firebase:firebase-installations:18.0.0] AndroidManifest.xml:16:17-130
178                android:value="com.google.firebase.components.ComponentRegistrar" />
178-->[com.google.firebase:firebase-installations:18.0.0] AndroidManifest.xml:17:17-82
179            <meta-data
179-->[com.google.firebase:firebase-installations:18.0.0] AndroidManifest.xml:18:13-20:85
180                android:name="com.google.firebase.components:com.google.firebase.installations.FirebaseInstallationsRegistrar"
180-->[com.google.firebase:firebase-installations:18.0.0] AndroidManifest.xml:19:17-127
181                android:value="com.google.firebase.components.ComponentRegistrar" />
181-->[com.google.firebase:firebase-installations:18.0.0] AndroidManifest.xml:20:17-82
182            <meta-data
182-->[com.google.firebase:firebase-common-ktx:21.0.0] AndroidManifest.xml:12:13-14:85
183                android:name="com.google.firebase.components:com.google.firebase.ktx.FirebaseCommonLegacyRegistrar"
183-->[com.google.firebase:firebase-common-ktx:21.0.0] AndroidManifest.xml:13:17-116
184                android:value="com.google.firebase.components.ComponentRegistrar" />
184-->[com.google.firebase:firebase-common-ktx:21.0.0] AndroidManifest.xml:14:17-82
185            <meta-data
185-->[com.google.firebase:firebase-common:21.0.0] AndroidManifest.xml:35:13-37:85
186                android:name="com.google.firebase.components:com.google.firebase.FirebaseCommonKtxRegistrar"
186-->[com.google.firebase:firebase-common:21.0.0] AndroidManifest.xml:36:17-109
187                android:value="com.google.firebase.components.ComponentRegistrar" />
187-->[com.google.firebase:firebase-common:21.0.0] AndroidManifest.xml:37:17-82
188            <meta-data
188-->[com.google.firebase:firebase-datatransport:18.2.0] AndroidManifest.xml:25:13-27:85
189                android:name="com.google.firebase.components:com.google.firebase.datatransport.TransportRegistrar"
189-->[com.google.firebase:firebase-datatransport:18.2.0] AndroidManifest.xml:26:17-115
190                android:value="com.google.firebase.components.ComponentRegistrar" />
190-->[com.google.firebase:firebase-datatransport:18.2.0] AndroidManifest.xml:27:17-82
191        </service>
192        <service
192-->[:firebase_messaging] AndroidManifest.xml:14:9-17:72
193            android:name="io.flutter.plugins.firebase.messaging.FlutterFirebaseMessagingBackgroundService"
193-->[:firebase_messaging] AndroidManifest.xml:15:13-107
194            android:exported="false"
194-->[:firebase_messaging] AndroidManifest.xml:16:13-37
195            android:permission="android.permission.BIND_JOB_SERVICE" />
195-->[:firebase_messaging] AndroidManifest.xml:17:13-69
196        <service
196-->[:firebase_messaging] AndroidManifest.xml:18:9-24:19
197            android:name="io.flutter.plugins.firebase.messaging.FlutterFirebaseMessagingService"
197-->[:firebase_messaging] AndroidManifest.xml:19:13-97
198            android:exported="false" >
198-->[:firebase_messaging] AndroidManifest.xml:20:13-37
199            <intent-filter>
199-->[:firebase_messaging] AndroidManifest.xml:21:13-23:29
200                <action android:name="com.google.firebase.MESSAGING_EVENT" />
200-->[:firebase_messaging] AndroidManifest.xml:22:17-78
200-->[:firebase_messaging] AndroidManifest.xml:22:25-75
201            </intent-filter>
202        </service>
203
204        <receiver
204-->[:firebase_messaging] AndroidManifest.xml:26:9-33:20
205            android:name="io.flutter.plugins.firebase.messaging.FlutterFirebaseMessagingReceiver"
205-->[:firebase_messaging] AndroidManifest.xml:27:13-98
206            android:exported="true"
206-->[:firebase_messaging] AndroidManifest.xml:28:13-36
207            android:permission="com.google.android.c2dm.permission.SEND" >
207-->[:firebase_messaging] AndroidManifest.xml:29:13-73
208            <intent-filter>
208-->[:firebase_messaging] AndroidManifest.xml:30:13-32:29
209                <action android:name="com.google.android.c2dm.intent.RECEIVE" />
209-->[:firebase_messaging] AndroidManifest.xml:31:17-81
209-->[:firebase_messaging] AndroidManifest.xml:31:25-78
210            </intent-filter>
211        </receiver>
212
213        <provider
213-->[:firebase_messaging] AndroidManifest.xml:41:9-45:38
214            android:name="io.flutter.plugins.firebase.messaging.FlutterFirebaseMessagingInitProvider"
214-->[:firebase_messaging] AndroidManifest.xml:42:13-102
215            android:authorities="com.example.qfix_nitmo_new.flutterfirebasemessaginginitprovider"
215-->[:firebase_messaging] AndroidManifest.xml:43:13-88
216            android:exported="false"
216-->[:firebase_messaging] AndroidManifest.xml:44:13-37
217            android:initOrder="99" />
217-->[:firebase_messaging] AndroidManifest.xml:45:13-35
218
219        <service
219-->[:geolocator_android] AndroidManifest.xml:8:9-12:56
220            android:name="com.baseflow.geolocator.GeolocatorLocationService"
220-->[:geolocator_android] AndroidManifest.xml:9:13-77
221            android:enabled="true"
221-->[:geolocator_android] AndroidManifest.xml:10:13-35
222            android:exported="false"
222-->[:geolocator_android] AndroidManifest.xml:11:13-37
223            android:foregroundServiceType="location" />
223-->[:geolocator_android] AndroidManifest.xml:12:13-53
224        <service
224-->[:location] AndroidManifest.xml:11:9-15:56
225            android:name="com.lyokone.location.FlutterLocationService"
225-->[:location] AndroidManifest.xml:12:13-71
226            android:enabled="true"
226-->[:location] AndroidManifest.xml:13:13-35
227            android:exported="false"
227-->[:location] AndroidManifest.xml:14:13-37
228            android:foregroundServiceType="location" />
228-->[:location] AndroidManifest.xml:15:13-53
229
230        <activity
230-->[:url_launcher_android] AndroidManifest.xml:8:9-11:74
231            android:name="io.flutter.plugins.urllauncher.WebViewActivity"
231-->[:url_launcher_android] AndroidManifest.xml:9:13-74
232            android:exported="false"
232-->[:url_launcher_android] AndroidManifest.xml:10:13-37
233            android:theme="@android:style/Theme.NoTitleBar.Fullscreen" />
233-->[:url_launcher_android] AndroidManifest.xml:11:13-71
234
235        <uses-library
235-->[androidx.window:window:1.2.0] AndroidManifest.xml:23:9-25:40
236            android:name="androidx.window.extensions"
236-->[androidx.window:window:1.2.0] AndroidManifest.xml:24:13-54
237            android:required="false" />
237-->[androidx.window:window:1.2.0] AndroidManifest.xml:25:13-37
238        <uses-library
238-->[androidx.window:window:1.2.0] AndroidManifest.xml:26:9-28:40
239            android:name="androidx.window.sidecar"
239-->[androidx.window:window:1.2.0] AndroidManifest.xml:27:13-51
240            android:required="false" />
240-->[androidx.window:window:1.2.0] AndroidManifest.xml:28:13-37
241
242        <receiver
242-->[com.google.firebase:firebase-messaging:24.1.0] AndroidManifest.xml:29:9-40:20
243            android:name="com.google.firebase.iid.FirebaseInstanceIdReceiver"
243-->[com.google.firebase:firebase-messaging:24.1.0] AndroidManifest.xml:30:13-78
244            android:exported="true"
244-->[com.google.firebase:firebase-messaging:24.1.0] AndroidManifest.xml:31:13-36
245            android:permission="com.google.android.c2dm.permission.SEND" >
245-->[com.google.firebase:firebase-messaging:24.1.0] AndroidManifest.xml:32:13-73
246            <intent-filter>
246-->[:firebase_messaging] AndroidManifest.xml:30:13-32:29
247                <action android:name="com.google.android.c2dm.intent.RECEIVE" />
247-->[:firebase_messaging] AndroidManifest.xml:31:17-81
247-->[:firebase_messaging] AndroidManifest.xml:31:25-78
248            </intent-filter>
249
250            <meta-data
250-->[com.google.firebase:firebase-messaging:24.1.0] AndroidManifest.xml:37:13-39:40
251                android:name="com.google.android.gms.cloudmessaging.FINISHED_AFTER_HANDLED"
251-->[com.google.firebase:firebase-messaging:24.1.0] AndroidManifest.xml:38:17-92
252                android:value="true" />
252-->[com.google.firebase:firebase-messaging:24.1.0] AndroidManifest.xml:39:17-37
253        </receiver>
254        <!--
255             FirebaseMessagingService performs security checks at runtime,
256             but set to not exported to explicitly avoid allowing another app to call it.
257        -->
258        <service
258-->[com.google.firebase:firebase-messaging:24.1.0] AndroidManifest.xml:46:9-53:19
259            android:name="com.google.firebase.messaging.FirebaseMessagingService"
259-->[com.google.firebase:firebase-messaging:24.1.0] AndroidManifest.xml:47:13-82
260            android:directBootAware="true"
260-->[com.google.firebase:firebase-messaging:24.1.0] AndroidManifest.xml:48:13-43
261            android:exported="false" >
261-->[com.google.firebase:firebase-messaging:24.1.0] AndroidManifest.xml:49:13-37
262            <intent-filter android:priority="-500" >
262-->[:firebase_messaging] AndroidManifest.xml:21:13-23:29
263                <action android:name="com.google.firebase.MESSAGING_EVENT" />
263-->[:firebase_messaging] AndroidManifest.xml:22:17-78
263-->[:firebase_messaging] AndroidManifest.xml:22:25-75
264            </intent-filter>
265        </service>
266
267        <activity
267-->[com.google.android.gms:play-services-base:18.3.0] AndroidManifest.xml:20:9-22:45
268            android:name="com.google.android.gms.common.api.GoogleApiActivity"
268-->[com.google.android.gms:play-services-base:18.3.0] AndroidManifest.xml:20:19-85
269            android:exported="false"
269-->[com.google.android.gms:play-services-base:18.3.0] AndroidManifest.xml:22:19-43
270            android:theme="@android:style/Theme.Translucent.NoTitleBar" />
270-->[com.google.android.gms:play-services-base:18.3.0] AndroidManifest.xml:21:19-78
271
272        <provider
272-->[com.google.firebase:firebase-common:21.0.0] AndroidManifest.xml:23:9-28:39
273            android:name="com.google.firebase.provider.FirebaseInitProvider"
273-->[com.google.firebase:firebase-common:21.0.0] AndroidManifest.xml:24:13-77
274            android:authorities="com.example.qfix_nitmo_new.firebaseinitprovider"
274-->[com.google.firebase:firebase-common:21.0.0] AndroidManifest.xml:25:13-72
275            android:directBootAware="true"
275-->[com.google.firebase:firebase-common:21.0.0] AndroidManifest.xml:26:13-43
276            android:exported="false"
276-->[com.google.firebase:firebase-common:21.0.0] AndroidManifest.xml:27:13-37
277            android:initOrder="100" />
277-->[com.google.firebase:firebase-common:21.0.0] AndroidManifest.xml:28:13-36
278
279        <meta-data
279-->[com.google.android.gms:play-services-basement:18.3.0] AndroidManifest.xml:21:9-23:69
280            android:name="com.google.android.gms.version"
280-->[com.google.android.gms:play-services-basement:18.3.0] AndroidManifest.xml:22:13-58
281            android:value="@integer/google_play_services_version" />
281-->[com.google.android.gms:play-services-basement:18.3.0] AndroidManifest.xml:23:13-66
282
283        <provider
283-->[androidx.emoji2:emoji2:1.0.0] AndroidManifest.xml:26:9-34:20
284            android:name="androidx.startup.InitializationProvider"
284-->[androidx.emoji2:emoji2:1.0.0] AndroidManifest.xml:27:13-67
285            android:authorities="com.example.qfix_nitmo_new.androidx-startup"
285-->[androidx.emoji2:emoji2:1.0.0] AndroidManifest.xml:28:13-68
286            android:exported="false" >
286-->[androidx.emoji2:emoji2:1.0.0] AndroidManifest.xml:29:13-37
287            <meta-data
287-->[androidx.emoji2:emoji2:1.0.0] AndroidManifest.xml:31:13-33:52
288                android:name="androidx.emoji2.text.EmojiCompatInitializer"
288-->[androidx.emoji2:emoji2:1.0.0] AndroidManifest.xml:32:17-75
289                android:value="androidx.startup" />
289-->[androidx.emoji2:emoji2:1.0.0] AndroidManifest.xml:33:17-49
290            <meta-data
290-->[androidx.lifecycle:lifecycle-process:2.7.0] AndroidManifest.xml:29:13-31:52
291                android:name="androidx.lifecycle.ProcessLifecycleInitializer"
291-->[androidx.lifecycle:lifecycle-process:2.7.0] AndroidManifest.xml:30:17-78
292                android:value="androidx.startup" />
292-->[androidx.lifecycle:lifecycle-process:2.7.0] AndroidManifest.xml:31:17-49
293            <meta-data
293-->[androidx.profileinstaller:profileinstaller:1.3.1] AndroidManifest.xml:29:13-31:52
294                android:name="androidx.profileinstaller.ProfileInstallerInitializer"
294-->[androidx.profileinstaller:profileinstaller:1.3.1] AndroidManifest.xml:30:17-85
295                android:value="androidx.startup" />
295-->[androidx.profileinstaller:profileinstaller:1.3.1] AndroidManifest.xml:31:17-49
296        </provider>
297
298        <receiver
298-->[androidx.profileinstaller:profileinstaller:1.3.1] AndroidManifest.xml:34:9-52:20
299            android:name="androidx.profileinstaller.ProfileInstallReceiver"
299-->[androidx.profileinstaller:profileinstaller:1.3.1] AndroidManifest.xml:35:13-76
300            android:directBootAware="false"
300-->[androidx.profileinstaller:profileinstaller:1.3.1] AndroidManifest.xml:36:13-44
301            android:enabled="true"
301-->[androidx.profileinstaller:profileinstaller:1.3.1] AndroidManifest.xml:37:13-35
302            android:exported="true"
302-->[androidx.profileinstaller:profileinstaller:1.3.1] AndroidManifest.xml:38:13-36
303            android:permission="android.permission.DUMP" >
303-->[androidx.profileinstaller:profileinstaller:1.3.1] AndroidManifest.xml:39:13-57
304            <intent-filter>
304-->[androidx.profileinstaller:profileinstaller:1.3.1] AndroidManifest.xml:40:13-42:29
305                <action android:name="androidx.profileinstaller.action.INSTALL_PROFILE" />
305-->[androidx.profileinstaller:profileinstaller:1.3.1] AndroidManifest.xml:41:17-91
305-->[androidx.profileinstaller:profileinstaller:1.3.1] AndroidManifest.xml:41:25-88
306            </intent-filter>
307            <intent-filter>
307-->[androidx.profileinstaller:profileinstaller:1.3.1] AndroidManifest.xml:43:13-45:29
308                <action android:name="androidx.profileinstaller.action.SKIP_FILE" />